2025-03-09 12:53:32,653 [INFO] com.adminnick.SpringBootProject.SpringBootProjectApplication [restartedMain] Starting SpringBootProjectApplication using Java 17.0.13 with PID 45764 (C:\Users\Rawap\Desktop\SpringBootProject\SpringBootProject\target\classes started by Rawap in C:\Users\Rawap\Desktop\SpringBootProject)
2025-03-09 12:53:32,666 [INFO] com.adminnick.SpringBootProject.SpringBootProjectApplication [restartedMain] No active profile set, falling back to 1 default profile: "default"
2025-03-09 12:53:33,034 [INFO] org.springframework.boot.devtools.env.DevToolsPropertyDefaultsPostProcessor [restartedMain] Devtools property defaults active! Set 'spring.devtools.add-properties' to 'false' to disable
2025-03-09 12:53:33,035 [INFO] org.springframework.boot.devtools.env.DevToolsPropertyDefaultsPostProcessor [restartedMain] For additional web related logging consider setting the 'logging.level.web' property to 'DEBUG'
2025-03-09 12:53:34,180 [INFO] org.springframework.data.repository.config.RepositoryConfigurationDelegate [restartedMain] Bootstrapping Spring Data JPA repositories in DEFAULT mode.
2025-03-09 12:53:34,269 [INFO] org.springframework.data.repository.config.RepositoryConfigurationDelegate [restartedMain] Finished Spring Data repository scanning in 75 ms. Found 3 JPA repository interfaces.
2025-03-09 12:53:35,325 [INFO] org.springframework.boot.web.embedded.tomcat.TomcatWebServer [restartedMain] Tomcat initialized with port 8080 (http)
2025-03-09 12:53:35,348 [INFO] org.apache.catalina.core.StandardService [restartedMain] Starting service [Tomcat]
2025-03-09 12:53:35,349 [INFO] org.apache.catalina.core.StandardEngine [restartedMain] Starting Servlet engine: [Apache Tomcat/10.1.36]
2025-03-09 12:53:35,420 [INFO] org.apache.catalina.core.ContainerBase.[Tomcat].[localhost].[/] [restartedMain] Initializing Spring embedded WebApplicationContext
2025-03-09 12:53:35,421 [INFO] org.springframework.boot.web.servlet.context.ServletWebServerApplicationContext [restartedMain] Root WebApplicationContext: initialization completed in 2385 ms
2025-03-09 12:53:35,699 [INFO] org.hibernate.jpa.internal.util.LogHelper [restartedMain] HHH000204: Processing PersistenceUnitInfo [name: default]
2025-03-09 12:53:35,804 [INFO] org.hibernate.Version [restartedMain] HHH000412: Hibernate ORM core version 6.6.8.Final
2025-03-09 12:53:35,865 [INFO] org.hibernate.cache.internal.RegionFactoryInitiator [restartedMain] HHH000026: Second-level cache disabled
2025-03-09 12:53:36,293 [INFO] org.springframework.orm.jpa.persistenceunit.SpringPersistenceUnitInfo [restartedMain] No LoadTimeWeaver setup: ignoring JPA class transformer
2025-03-09 12:53:36,336 [INFO] com.zaxxer.hikari.HikariDataSource [restartedMain] HikariPool-1 - Starting...
2025-03-09 12:53:36,629 [INFO] com.zaxxer.hikari.pool.HikariPool [restartedMain] HikariPool-1 - Added connection conn0: url=jdbc:h2:file:./db/blogdb user=ADMIN
2025-03-09 12:53:36,631 [INFO] com.zaxxer.hikari.HikariDataSource [restartedMain] HikariPool-1 - Start completed.
2025-03-09 12:53:36,670 [WARN] org.hibernate.orm.deprecation [restartedMain] HHH90000025: H2Dialect does not need to be specified explicitly using 'hibernate.dialect' (remove the property setting and it will be selected by default)
2025-03-09 12:53:36,704 [INFO] org.hibernate.orm.connections.pooling [restartedMain] HHH10001005: Database info:
	Database JDBC URL [Connecting through datasource 'HikariDataSource (HikariPool-1)']
	Database driver: undefined/unknown
	Database version: 2.3.232
	Autocommit mode: undefined/unknown
	Isolation level: undefined/unknown
	Minimum pool size: undefined/unknown
	Maximum pool size: undefined/unknown
2025-03-09 12:53:37,869 [INFO] org.hibernate.engine.transaction.jta.platform.internal.JtaPlatformInitiator [restartedMain] HHH000489: No JTA platform available (set 'hibernate.transaction.jta.platform' to enable JTA platform integration)
2025-03-09 12:53:37,918 [INFO] org.springframework.orm.jpa.LocalContainerEntityManagerFactoryBean [restartedMain] Initialized JPA EntityManagerFactory for persistence unit 'default'
2025-03-09 12:53:38,425 [WARN] org.springframework.boot.autoconfigure.orm.jpa.JpaBaseConfiguration$JpaWebConfiguration [restartedMain] spring.jpa.open-in-view is enabled by default. Therefore, database queries may be performed during view rendering. Explicitly configure spring.jpa.open-in-view to disable this warning
2025-03-09 12:53:38,454 [INFO] org.springframework.security.config.annotation.authentication.configuration.InitializeUserDetailsBeanManagerConfigurer$InitializeUserDetailsManagerConfigurer [restartedMain] Global AuthenticationManager configured with UserDetailsService bean with name accountService
2025-03-09 12:53:39,184 [INFO] org.springframework.boot.autoconfigure.h2.H2ConsoleAutoConfiguration [restartedMain] H2 console available at '/db-console'. Database available at 'jdbc:h2:file:./db/blogdb'
2025-03-09 12:53:39,300 [INFO] org.springframework.boot.devtools.autoconfigure.OptionalLiveReloadServer [restartedMain] LiveReload server is running on port 35729
2025-03-09 12:53:39,349 [INFO] org.springframework.boot.web.embedded.tomcat.TomcatWebServer [restartedMain] Tomcat started on port 8080 (http) with context path '/'
2025-03-09 12:53:39,360 [INFO] com.adminnick.SpringBootProject.SpringBootProjectApplication [restartedMain] Started SpringBootProjectApplication in 7.217 seconds (process running for 7.722)
2025-03-09 12:54:00,556 [INFO] org.apache.catalina.core.ContainerBase.[Tomcat].[localhost].[/] [http-nio-8080-exec-1] Initializing Spring DispatcherServlet 'dispatcherServlet'
2025-03-09 12:54:00,556 [INFO] org.springframework.web.servlet.DispatcherServlet [http-nio-8080-exec-1] Initializing Servlet 'dispatcherServlet'
2025-03-09 12:54:00,559 [INFO] org.springframework.web.servlet.DispatcherServlet [http-nio-8080-exec-1] Completed initialization in 2 ms
2025-03-09 12:56:50,276 [INFO] org.springframework.boot.devtools.autoconfigure.LocalDevToolsAutoConfiguration$RestartingClassPathChangeChangedEventListener [File Watcher] Restarting due to 1 class path change (0 additions, 0 deletions, 1 modification)
2025-03-09 12:56:50,322 [INFO] org.springframework.boot.web.embedded.tomcat.GracefulShutdown [Thread-6] Commencing graceful shutdown. Waiting for active requests to complete
2025-03-09 12:56:50,452 [INFO] org.springframework.boot.web.embedded.tomcat.GracefulShutdown [tomcat-shutdown] Graceful shutdown complete
2025-03-09 12:56:50,463 [INFO] org.springframework.orm.jpa.LocalContainerEntityManagerFactoryBean [Thread-6] Closing JPA EntityManagerFactory for persistence unit 'default'
2025-03-09 12:56:50,509 [INFO] com.zaxxer.hikari.HikariDataSource [Thread-6] HikariPool-1 - Shutdown initiated...
2025-03-09 12:56:50,564 [INFO] com.zaxxer.hikari.HikariDataSource [Thread-6] HikariPool-1 - Shutdown completed.
2025-03-09 12:56:50,733 [INFO] com.adminnick.SpringBootProject.SpringBootProjectApplication [restartedMain] Starting SpringBootProjectApplication using Java 17.0.13 with PID 45764 (C:\Users\Rawap\Desktop\SpringBootProject\SpringBootProject\target\classes started by Rawap in C:\Users\Rawap\Desktop\SpringBootProject)
2025-03-09 12:56:50,733 [INFO] com.adminnick.SpringBootProject.SpringBootProjectApplication [restartedMain] No active profile set, falling back to 1 default profile: "default"
2025-03-09 12:56:51,202 [INFO] org.springframework.data.repository.config.RepositoryConfigurationDelegate [restartedMain] Bootstrapping Spring Data JPA repositories in DEFAULT mode.
2025-03-09 12:56:51,255 [INFO] org.springframework.data.repository.config.RepositoryConfigurationDelegate [restartedMain] Finished Spring Data repository scanning in 49 ms. Found 3 JPA repository interfaces.
2025-03-09 12:56:51,458 [INFO] org.springframework.boot.web.embedded.tomcat.TomcatWebServer [restartedMain] Tomcat initialized with port 8080 (http)
2025-03-09 12:56:51,459 [INFO] org.apache.catalina.core.StandardService [restartedMain] Starting service [Tomcat]
2025-03-09 12:56:51,460 [INFO] org.apache.catalina.core.StandardEngine [restartedMain] Starting Servlet engine: [Apache Tomcat/10.1.36]
2025-03-09 12:56:51,483 [INFO] org.apache.catalina.core.ContainerBase.[Tomcat].[localhost].[/] [restartedMain] Initializing Spring embedded WebApplicationContext
2025-03-09 12:56:51,483 [INFO] org.springframework.boot.web.servlet.context.ServletWebServerApplicationContext [restartedMain] Root WebApplicationContext: initialization completed in 746 ms
2025-03-09 12:56:51,531 [INFO] org.hibernate.jpa.internal.util.LogHelper [restartedMain] HHH000204: Processing PersistenceUnitInfo [name: default]
2025-03-09 12:56:51,534 [INFO] org.hibernate.cache.internal.RegionFactoryInitiator [restartedMain] HHH000026: Second-level cache disabled
2025-03-09 12:56:51,546 [INFO] org.springframework.orm.jpa.persistenceunit.SpringPersistenceUnitInfo [restartedMain] No LoadTimeWeaver setup: ignoring JPA class transformer
2025-03-09 12:56:51,547 [INFO] com.zaxxer.hikari.HikariDataSource [restartedMain] HikariPool-2 - Starting...
2025-03-09 12:56:51,559 [INFO] com.zaxxer.hikari.pool.HikariPool [restartedMain] HikariPool-2 - Added connection conn10: url=jdbc:h2:file:./db/blogdb user=ADMIN
2025-03-09 12:56:51,560 [INFO] com.zaxxer.hikari.HikariDataSource [restartedMain] HikariPool-2 - Start completed.
2025-03-09 12:56:51,561 [WARN] org.hibernate.orm.deprecation [restartedMain] HHH90000025: H2Dialect does not need to be specified explicitly using 'hibernate.dialect' (remove the property setting and it will be selected by default)
2025-03-09 12:56:51,562 [INFO] org.hibernate.orm.connections.pooling [restartedMain] HHH10001005: Database info:
	Database JDBC URL [Connecting through datasource 'HikariDataSource (HikariPool-2)']
	Database driver: undefined/unknown
	Database version: 2.3.232
	Autocommit mode: undefined/unknown
	Isolation level: undefined/unknown
	Minimum pool size: undefined/unknown
	Maximum pool size: undefined/unknown
2025-03-09 12:56:51,651 [INFO] org.hibernate.engine.transaction.jta.platform.internal.JtaPlatformInitiator [restartedMain] HHH000489: No JTA platform available (set 'hibernate.transaction.jta.platform' to enable JTA platform integration)
2025-03-09 12:56:51,660 [INFO] org.springframework.orm.jpa.LocalContainerEntityManagerFactoryBean [restartedMain] Initialized JPA EntityManagerFactory for persistence unit 'default'
2025-03-09 12:56:51,837 [WARN] org.springframework.boot.autoconfigure.orm.jpa.JpaBaseConfiguration$JpaWebConfiguration [restartedMain] spring.jpa.open-in-view is enabled by default. Therefore, database queries may be performed during view rendering. Explicitly configure spring.jpa.open-in-view to disable this warning
2025-03-09 12:56:51,843 [INFO] org.springframework.security.config.annotation.authentication.configuration.InitializeUserDetailsBeanManagerConfigurer$InitializeUserDetailsManagerConfigurer [restartedMain] Global AuthenticationManager configured with UserDetailsService bean with name accountService
2025-03-09 12:56:52,151 [INFO] org.springframework.boot.autoconfigure.h2.H2ConsoleAutoConfiguration [restartedMain] H2 console available at '/db-console'. Database available at 'jdbc:h2:file:./db/blogdb'
2025-03-09 12:56:52,176 [INFO] org.springframework.boot.devtools.autoconfigure.OptionalLiveReloadServer [restartedMain] LiveReload server is running on port 35729
2025-03-09 12:56:52,186 [INFO] org.springframework.boot.web.embedded.tomcat.TomcatWebServer [restartedMain] Tomcat started on port 8080 (http) with context path '/'
2025-03-09 12:56:52,189 [INFO] com.adminnick.SpringBootProject.SpringBootProjectApplication [restartedMain] Started SpringBootProjectApplication in 1.505 seconds (process running for 200.552)
2025-03-09 12:56:52,526 [INFO] org.springframework.boot.devtools.autoconfigure.ConditionEvaluationDeltaLoggingListener [restartedMain] Condition evaluation unchanged
2025-03-09 12:58:35,845 [INFO] org.springframework.boot.devtools.autoconfigure.LocalDevToolsAutoConfiguration$RestartingClassPathChangeChangedEventListener [File Watcher] Restarting due to 1 class path change (0 additions, 0 deletions, 1 modification)
2025-03-09 12:58:35,847 [INFO] org.springframework.boot.web.embedded.tomcat.GracefulShutdown [Thread-8] Commencing graceful shutdown. Waiting for active requests to complete
2025-03-09 12:58:35,904 [INFO] org.springframework.boot.web.embedded.tomcat.GracefulShutdown [tomcat-shutdown] Graceful shutdown complete
2025-03-09 12:58:35,908 [INFO] org.springframework.orm.jpa.LocalContainerEntityManagerFactoryBean [Thread-8] Closing JPA EntityManagerFactory for persistence unit 'default'
2025-03-09 12:58:35,912 [INFO] com.zaxxer.hikari.HikariDataSource [Thread-8] HikariPool-2 - Shutdown initiated...
2025-03-09 12:58:35,945 [INFO] com.zaxxer.hikari.HikariDataSource [Thread-8] HikariPool-2 - Shutdown completed.
2025-03-09 12:58:36,028 [INFO] com.adminnick.SpringBootProject.SpringBootProjectApplication [restartedMain] Starting SpringBootProjectApplication using Java 17.0.13 with PID 45764 (C:\Users\Rawap\Desktop\SpringBootProject\SpringBootProject\target\classes started by Rawap in C:\Users\Rawap\Desktop\SpringBootProject)
2025-03-09 12:58:36,029 [INFO] com.adminnick.SpringBootProject.SpringBootProjectApplication [restartedMain] No active profile set, falling back to 1 default profile: "default"
2025-03-09 12:58:36,306 [INFO] org.springframework.data.repository.config.RepositoryConfigurationDelegate [restartedMain] Bootstrapping Spring Data JPA repositories in DEFAULT mode.
2025-03-09 12:58:36,328 [INFO] org.springframework.data.repository.config.RepositoryConfigurationDelegate [restartedMain] Finished Spring Data repository scanning in 18 ms. Found 3 JPA repository interfaces.
2025-03-09 12:58:36,457 [INFO] org.springframework.boot.web.embedded.tomcat.TomcatWebServer [restartedMain] Tomcat initialized with port 8080 (http)
2025-03-09 12:58:36,458 [INFO] org.apache.catalina.core.StandardService [restartedMain] Starting service [Tomcat]
2025-03-09 12:58:36,458 [INFO] org.apache.catalina.core.StandardEngine [restartedMain] Starting Servlet engine: [Apache Tomcat/10.1.36]
2025-03-09 12:58:36,485 [INFO] org.apache.catalina.core.ContainerBase.[Tomcat].[localhost].[/] [restartedMain] Initializing Spring embedded WebApplicationContext
2025-03-09 12:58:36,485 [INFO] org.springframework.boot.web.servlet.context.ServletWebServerApplicationContext [restartedMain] Root WebApplicationContext: initialization completed in 453 ms
2025-03-09 12:58:36,533 [INFO] org.hibernate.jpa.internal.util.LogHelper [restartedMain] HHH000204: Processing PersistenceUnitInfo [name: default]
2025-03-09 12:58:36,535 [INFO] org.hibernate.cache.internal.RegionFactoryInitiator [restartedMain] HHH000026: Second-level cache disabled
2025-03-09 12:58:36,544 [INFO] org.springframework.orm.jpa.persistenceunit.SpringPersistenceUnitInfo [restartedMain] No LoadTimeWeaver setup: ignoring JPA class transformer
2025-03-09 12:58:36,545 [INFO] com.zaxxer.hikari.HikariDataSource [restartedMain] HikariPool-3 - Starting...
2025-03-09 12:58:36,555 [INFO] com.zaxxer.hikari.pool.HikariPool [restartedMain] HikariPool-3 - Added connection conn20: url=jdbc:h2:file:./db/blogdb user=ADMIN
2025-03-09 12:58:36,555 [INFO] com.zaxxer.hikari.HikariDataSource [restartedMain] HikariPool-3 - Start completed.
2025-03-09 12:58:36,559 [WARN] org.hibernate.orm.deprecation [restartedMain] HHH90000025: H2Dialect does not need to be specified explicitly using 'hibernate.dialect' (remove the property setting and it will be selected by default)
2025-03-09 12:58:36,560 [INFO] org.hibernate.orm.connections.pooling [restartedMain] HHH10001005: Database info:
	Database JDBC URL [Connecting through datasource 'HikariDataSource (HikariPool-3)']
	Database driver: undefined/unknown
	Database version: 2.3.232
	Autocommit mode: undefined/unknown
	Isolation level: undefined/unknown
	Minimum pool size: undefined/unknown
	Maximum pool size: undefined/unknown
2025-03-09 12:58:36,670 [INFO] org.hibernate.engine.transaction.jta.platform.internal.JtaPlatformInitiator [restartedMain] HHH000489: No JTA platform available (set 'hibernate.transaction.jta.platform' to enable JTA platform integration)
2025-03-09 12:58:36,684 [INFO] org.springframework.orm.jpa.LocalContainerEntityManagerFactoryBean [restartedMain] Initialized JPA EntityManagerFactory for persistence unit 'default'
2025-03-09 12:58:36,855 [WARN] org.springframework.boot.autoconfigure.orm.jpa.JpaBaseConfiguration$JpaWebConfiguration [restartedMain] spring.jpa.open-in-view is enabled by default. Therefore, database queries may be performed during view rendering. Explicitly configure spring.jpa.open-in-view to disable this warning
2025-03-09 12:58:36,865 [INFO] org.springframework.security.config.annotation.authentication.configuration.InitializeUserDetailsBeanManagerConfigurer$InitializeUserDetailsManagerConfigurer [restartedMain] Global AuthenticationManager configured with UserDetailsService bean with name accountService
2025-03-09 12:58:37,035 [INFO] org.springframework.boot.autoconfigure.h2.H2ConsoleAutoConfiguration [restartedMain] H2 console available at '/db-console'. Database available at 'jdbc:h2:file:./db/blogdb'
2025-03-09 12:58:37,051 [INFO] org.springframework.boot.devtools.autoconfigure.OptionalLiveReloadServer [restartedMain] LiveReload server is running on port 35729
2025-03-09 12:58:37,067 [INFO] org.springframework.boot.web.embedded.tomcat.TomcatWebServer [restartedMain] Tomcat started on port 8080 (http) with context path '/'
2025-03-09 12:58:37,072 [INFO] com.adminnick.SpringBootProject.SpringBootProjectApplication [restartedMain] Started SpringBootProjectApplication in 1.081 seconds (process running for 305.434)
2025-03-09 12:58:37,411 [INFO] org.springframework.boot.devtools.autoconfigure.ConditionEvaluationDeltaLoggingListener [restartedMain] Condition evaluation unchanged
2025-03-09 12:58:37,458 [INFO] org.apache.catalina.core.ContainerBase.[Tomcat].[localhost].[/] [http-nio-8080-exec-2] Initializing Spring DispatcherServlet 'dispatcherServlet'
2025-03-09 12:58:37,459 [INFO] org.springframework.web.servlet.DispatcherServlet [http-nio-8080-exec-2] Initializing Servlet 'dispatcherServlet'
2025-03-09 12:58:37,461 [INFO] org.springframework.web.servlet.DispatcherServlet [http-nio-8080-exec-2] Completed initialization in 2 ms
2025-03-09 12:59:59,057 [WARN] org.springframework.web.servlet.mvc.support.DefaultHandlerExceptionResolver [http-nio-8080-exec-7] Resolved [org.springframework.web.method.annotation.MethodArgumentTypeMismatchException: Method parameter 'id': Failed to convert value of type 'java.lang.String' to required type 'java.lang.Long'; For input string: "script.js"]
2025-03-09 13:00:33,921 [WARN] org.springframework.web.servlet.mvc.support.DefaultHandlerExceptionResolver [http-nio-8080-exec-1] Resolved [org.springframework.web.method.annotation.MethodArgumentTypeMismatchException: Method parameter 'id': Failed to convert value of type 'java.lang.String' to required type 'java.lang.Long'; For input string: "script.js"]
2025-03-09 13:01:03,942 [INFO] org.springframework.boot.web.embedded.tomcat.GracefulShutdown [SpringApplicationShutdownHook] Commencing graceful shutdown. Waiting for active requests to complete
2025-03-09 13:01:03,993 [INFO] org.springframework.boot.web.embedded.tomcat.GracefulShutdown [tomcat-shutdown] Graceful shutdown complete
2025-03-09 13:01:03,996 [INFO] org.springframework.orm.jpa.LocalContainerEntityManagerFactoryBean [SpringApplicationShutdownHook] Closing JPA EntityManagerFactory for persistence unit 'default'
2025-03-09 13:01:04,008 [INFO] com.zaxxer.hikari.HikariDataSource [SpringApplicationShutdownHook] HikariPool-3 - Shutdown initiated...
2025-03-09 13:01:04,037 [INFO] com.zaxxer.hikari.HikariDataSource [SpringApplicationShutdownHook] HikariPool-3 - Shutdown completed.
2025-03-09 13:04:40,809 [INFO] com.adminnick.SpringBootProject.SpringBootProjectApplication [restartedMain] Starting SpringBootProjectApplication using Java 17.0.13 with PID 1152 (C:\Users\Rawap\Desktop\SpringBootProject\SpringBootProject\target\classes started by Rawap in C:\Users\Rawap\Desktop\SpringBootProject)
2025-03-09 13:04:40,812 [INFO] com.adminnick.SpringBootProject.SpringBootProjectApplication [restartedMain] No active profile set, falling back to 1 default profile: "default"
2025-03-09 13:04:41,269 [INFO] org.springframework.boot.devtools.env.DevToolsPropertyDefaultsPostProcessor [restartedMain] Devtools property defaults active! Set 'spring.devtools.add-properties' to 'false' to disable
2025-03-09 13:04:41,270 [INFO] org.springframework.boot.devtools.env.DevToolsPropertyDefaultsPostProcessor [restartedMain] For additional web related logging consider setting the 'logging.level.web' property to 'DEBUG'
2025-03-09 13:04:42,572 [INFO] org.springframework.data.repository.config.RepositoryConfigurationDelegate [restartedMain] Bootstrapping Spring Data JPA repositories in DEFAULT mode.
2025-03-09 13:04:42,672 [INFO] org.springframework.data.repository.config.RepositoryConfigurationDelegate [restartedMain] Finished Spring Data repository scanning in 86 ms. Found 3 JPA repository interfaces.
2025-03-09 13:04:43,750 [INFO] org.springframework.boot.web.embedded.tomcat.TomcatWebServer [restartedMain] Tomcat initialized with port 8080 (http)
2025-03-09 13:04:43,776 [INFO] org.apache.catalina.core.StandardService [restartedMain] Starting service [Tomcat]
2025-03-09 13:04:43,777 [INFO] org.apache.catalina.core.StandardEngine [restartedMain] Starting Servlet engine: [Apache Tomcat/10.1.36]
2025-03-09 13:04:43,867 [INFO] org.apache.catalina.core.ContainerBase.[Tomcat].[localhost].[/] [restartedMain] Initializing Spring embedded WebApplicationContext
2025-03-09 13:04:43,868 [INFO] org.springframework.boot.web.servlet.context.ServletWebServerApplicationContext [restartedMain] Root WebApplicationContext: initialization completed in 2595 ms
2025-03-09 13:04:44,163 [INFO] org.hibernate.jpa.internal.util.LogHelper [restartedMain] HHH000204: Processing PersistenceUnitInfo [name: default]
2025-03-09 13:04:44,268 [INFO] org.hibernate.Version [restartedMain] HHH000412: Hibernate ORM core version 6.6.8.Final
2025-03-09 13:04:44,335 [INFO] org.hibernate.cache.internal.RegionFactoryInitiator [restartedMain] HHH000026: Second-level cache disabled
2025-03-09 13:04:45,306 [INFO] org.springframework.orm.jpa.persistenceunit.SpringPersistenceUnitInfo [restartedMain] No LoadTimeWeaver setup: ignoring JPA class transformer
2025-03-09 13:04:45,361 [INFO] com.zaxxer.hikari.HikariDataSource [restartedMain] HikariPool-1 - Starting...
2025-03-09 13:04:45,676 [INFO] com.zaxxer.hikari.pool.HikariPool [restartedMain] HikariPool-1 - Added connection conn0: url=jdbc:h2:file:./db/blogdb user=ADMIN
2025-03-09 13:04:45,679 [INFO] com.zaxxer.hikari.HikariDataSource [restartedMain] HikariPool-1 - Start completed.
2025-03-09 13:04:45,718 [WARN] org.hibernate.orm.deprecation [restartedMain] HHH90000025: H2Dialect does not need to be specified explicitly using 'hibernate.dialect' (remove the property setting and it will be selected by default)
2025-03-09 13:04:45,748 [INFO] org.hibernate.orm.connections.pooling [restartedMain] HHH10001005: Database info:
	Database JDBC URL [Connecting through datasource 'HikariDataSource (HikariPool-1)']
	Database driver: undefined/unknown
	Database version: 2.3.232
	Autocommit mode: undefined/unknown
	Isolation level: undefined/unknown
	Minimum pool size: undefined/unknown
	Maximum pool size: undefined/unknown
2025-03-09 13:04:46,842 [INFO] org.hibernate.engine.transaction.jta.platform.internal.JtaPlatformInitiator [restartedMain] HHH000489: No JTA platform available (set 'hibernate.transaction.jta.platform' to enable JTA platform integration)
2025-03-09 13:04:46,896 [INFO] org.springframework.orm.jpa.LocalContainerEntityManagerFactoryBean [restartedMain] Initialized JPA EntityManagerFactory for persistence unit 'default'
2025-03-09 13:04:47,520 [WARN] org.springframework.boot.autoconfigure.orm.jpa.JpaBaseConfiguration$JpaWebConfiguration [restartedMain] spring.jpa.open-in-view is enabled by default. Therefore, database queries may be performed during view rendering. Explicitly configure spring.jpa.open-in-view to disable this warning
2025-03-09 13:04:47,553 [INFO] org.springframework.security.config.annotation.authentication.configuration.InitializeUserDetailsBeanManagerConfigurer$InitializeUserDetailsManagerConfigurer [restartedMain] Global AuthenticationManager configured with UserDetailsService bean with name accountService
2025-03-09 13:04:48,440 [INFO] org.springframework.boot.autoconfigure.h2.H2ConsoleAutoConfiguration [restartedMain] H2 console available at '/db-console'. Database available at 'jdbc:h2:file:./db/blogdb'
2025-03-09 13:04:48,539 [INFO] org.springframework.boot.devtools.autoconfigure.OptionalLiveReloadServer [restartedMain] LiveReload server is running on port 35729
2025-03-09 13:04:48,594 [INFO] org.springframework.boot.web.embedded.tomcat.TomcatWebServer [restartedMain] Tomcat started on port 8080 (http) with context path '/'
2025-03-09 13:04:48,605 [INFO] com.adminnick.SpringBootProject.SpringBootProjectApplication [restartedMain] Started SpringBootProjectApplication in 8.375 seconds (process running for 8.792)
2025-03-09 13:04:58,124 [INFO] org.apache.catalina.core.ContainerBase.[Tomcat].[localhost].[/] [http-nio-8080-exec-1] Initializing Spring DispatcherServlet 'dispatcherServlet'
2025-03-09 13:04:58,125 [INFO] org.springframework.web.servlet.DispatcherServlet [http-nio-8080-exec-1] Initializing Servlet 'dispatcherServlet'
2025-03-09 13:04:58,127 [INFO] org.springframework.web.servlet.DispatcherServlet [http-nio-8080-exec-1] Completed initialization in 1 ms
2025-03-09 14:09:57,846 [WARN] com.zaxxer.hikari.pool.HikariPool [HikariPool-1 housekeeper] HikariPool-1 - Thread starvation or clock leap detected (housekeeper delta=18m41s579ms281µs900ns).
2025-03-09 14:48:51,894 [WARN] org.springframework.web.servlet.mvc.support.DefaultHandlerExceptionResolver [http-nio-8080-exec-6] Resolved [org.springframework.web.method.annotation.MethodArgumentTypeMismatchException: Method parameter 'id': Failed to convert value of type 'java.lang.String' to required type 'java.lang.Long'; For input string: "script.js"]
2025-03-09 14:48:57,930 [WARN] org.springframework.web.servlet.mvc.support.DefaultHandlerExceptionResolver [http-nio-8080-exec-1] Resolved [org.springframework.web.method.annotation.MethodArgumentTypeMismatchException: Method parameter 'id': Failed to convert value of type 'java.lang.String' to required type 'java.lang.Long'; For input string: "script.js"]
2025-03-09 14:52:47,042 [INFO] org.springframework.boot.devtools.autoconfigure.LocalDevToolsAutoConfiguration$RestartingClassPathChangeChangedEventListener [File Watcher] Restarting due to 1 class path change (0 additions, 0 deletions, 1 modification)
2025-03-09 14:52:47,087 [INFO] org.springframework.boot.web.embedded.tomcat.GracefulShutdown [Thread-6] Commencing graceful shutdown. Waiting for active requests to complete
2025-03-09 14:52:47,186 [INFO] org.springframework.boot.web.embedded.tomcat.GracefulShutdown [tomcat-shutdown] Graceful shutdown complete
2025-03-09 14:52:47,205 [INFO] org.springframework.orm.jpa.LocalContainerEntityManagerFactoryBean [Thread-6] Closing JPA EntityManagerFactory for persistence unit 'default'
2025-03-09 14:52:47,253 [INFO] com.zaxxer.hikari.HikariDataSource [Thread-6] HikariPool-1 - Shutdown initiated...
2025-03-09 14:52:47,339 [INFO] com.zaxxer.hikari.HikariDataSource [Thread-6] HikariPool-1 - Shutdown completed.
2025-03-09 14:52:47,681 [INFO] com.adminnick.SpringBootProject.SpringBootProjectApplication [restartedMain] Starting SpringBootProjectApplication using Java 17.0.13 with PID 1152 (C:\Users\Rawap\Desktop\SpringBootProject\SpringBootProject\target\classes started by Rawap in C:\Users\Rawap\Desktop\SpringBootProject)
2025-03-09 14:52:47,682 [INFO] com.adminnick.SpringBootProject.SpringBootProjectApplication [restartedMain] No active profile set, falling back to 1 default profile: "default"
2025-03-09 14:52:48,718 [INFO] org.springframework.data.repository.config.RepositoryConfigurationDelegate [restartedMain] Bootstrapping Spring Data JPA repositories in DEFAULT mode.
2025-03-09 14:52:48,757 [INFO] org.springframework.data.repository.config.RepositoryConfigurationDelegate [restartedMain] Finished Spring Data repository scanning in 33 ms. Found 3 JPA repository interfaces.
2025-03-09 14:52:49,204 [INFO] org.springframework.boot.web.embedded.tomcat.TomcatWebServer [restartedMain] Tomcat initialized with port 8080 (http)
2025-03-09 14:52:49,207 [INFO] org.apache.catalina.core.StandardService [restartedMain] Starting service [Tomcat]
2025-03-09 14:52:49,207 [INFO] org.apache.catalina.core.StandardEngine [restartedMain] Starting Servlet engine: [Apache Tomcat/10.1.36]
2025-03-09 14:52:49,249 [INFO] org.apache.catalina.core.ContainerBase.[Tomcat].[localhost].[/] [restartedMain] Initializing Spring embedded WebApplicationContext
2025-03-09 14:52:49,250 [INFO] org.springframework.boot.web.servlet.context.ServletWebServerApplicationContext [restartedMain] Root WebApplicationContext: initialization completed in 1554 ms
2025-03-09 14:52:49,344 [INFO] org.hibernate.jpa.internal.util.LogHelper [restartedMain] HHH000204: Processing PersistenceUnitInfo [name: default]
2025-03-09 14:52:49,348 [INFO] org.hibernate.cache.internal.RegionFactoryInitiator [restartedMain] HHH000026: Second-level cache disabled
2025-03-09 14:52:49,374 [INFO] org.springframework.orm.jpa.persistenceunit.SpringPersistenceUnitInfo [restartedMain] No LoadTimeWeaver setup: ignoring JPA class transformer
2025-03-09 14:52:49,376 [INFO] com.zaxxer.hikari.HikariDataSource [restartedMain] HikariPool-2 - Starting...
2025-03-09 14:52:49,388 [INFO] com.zaxxer.hikari.pool.HikariPool [restartedMain] HikariPool-2 - Added connection conn40: url=jdbc:h2:file:./db/blogdb user=ADMIN
2025-03-09 14:52:49,389 [INFO] com.zaxxer.hikari.HikariDataSource [restartedMain] HikariPool-2 - Start completed.
2025-03-09 14:52:49,392 [WARN] org.hibernate.orm.deprecation [restartedMain] HHH90000025: H2Dialect does not need to be specified explicitly using 'hibernate.dialect' (remove the property setting and it will be selected by default)
2025-03-09 14:52:49,393 [INFO] org.hibernate.orm.connections.pooling [restartedMain] HHH10001005: Database info:
	Database JDBC URL [Connecting through datasource 'HikariDataSource (HikariPool-2)']
	Database driver: undefined/unknown
	Database version: 2.3.232
	Autocommit mode: undefined/unknown
	Isolation level: undefined/unknown
	Minimum pool size: undefined/unknown
	Maximum pool size: undefined/unknown
2025-03-09 14:52:49,512 [INFO] org.hibernate.engine.transaction.jta.platform.internal.JtaPlatformInitiator [restartedMain] HHH000489: No JTA platform available (set 'hibernate.transaction.jta.platform' to enable JTA platform integration)
2025-03-09 14:52:49,521 [INFO] org.springframework.orm.jpa.LocalContainerEntityManagerFactoryBean [restartedMain] Initialized JPA EntityManagerFactory for persistence unit 'default'
2025-03-09 14:52:49,675 [WARN] org.springframework.boot.autoconfigure.orm.jpa.JpaBaseConfiguration$JpaWebConfiguration [restartedMain] spring.jpa.open-in-view is enabled by default. Therefore, database queries may be performed during view rendering. Explicitly configure spring.jpa.open-in-view to disable this warning
2025-03-09 14:52:49,687 [INFO] org.springframework.security.config.annotation.authentication.configuration.InitializeUserDetailsBeanManagerConfigurer$InitializeUserDetailsManagerConfigurer [restartedMain] Global AuthenticationManager configured with UserDetailsService bean with name accountService
2025-03-09 14:52:49,972 [INFO] org.springframework.boot.autoconfigure.h2.H2ConsoleAutoConfiguration [restartedMain] H2 console available at '/db-console'. Database available at 'jdbc:h2:file:./db/blogdb'
2025-03-09 14:52:50,007 [INFO] org.springframework.boot.devtools.autoconfigure.OptionalLiveReloadServer [restartedMain] LiveReload server is running on port 35729
2025-03-09 14:52:50,025 [INFO] org.springframework.boot.web.embedded.tomcat.TomcatWebServer [restartedMain] Tomcat started on port 8080 (http) with context path '/'
2025-03-09 14:52:50,030 [INFO] com.adminnick.SpringBootProject.SpringBootProjectApplication [restartedMain] Started SpringBootProjectApplication in 2.396 seconds (process running for 6490.216)
2025-03-09 14:52:50,204 [INFO] org.apache.catalina.core.ContainerBase.[Tomcat].[localhost].[/] [http-nio-8080-exec-1] Initializing Spring DispatcherServlet 'dispatcherServlet'
2025-03-09 14:52:50,205 [INFO] org.springframework.web.servlet.DispatcherServlet [http-nio-8080-exec-1] Initializing Servlet 'dispatcherServlet'
2025-03-09 14:52:50,206 [INFO] org.springframework.web.servlet.DispatcherServlet [http-nio-8080-exec-1] Completed initialization in 1 ms
2025-03-09 14:52:50,417 [INFO] org.springframework.boot.devtools.autoconfigure.ConditionEvaluationDeltaLoggingListener [restartedMain] Condition evaluation unchanged
2025-03-09 14:53:51,754 [INFO] org.springframework.boot.devtools.autoconfigure.LocalDevToolsAutoConfiguration$RestartingClassPathChangeChangedEventListener [File Watcher] Restarting due to 1 class path change (0 additions, 0 deletions, 1 modification)
2025-03-09 14:53:51,758 [INFO] org.springframework.boot.web.embedded.tomcat.GracefulShutdown [Thread-8] Commencing graceful shutdown. Waiting for active requests to complete
2025-03-09 14:53:51,827 [INFO] org.springframework.boot.web.embedded.tomcat.GracefulShutdown [tomcat-shutdown] Graceful shutdown complete
2025-03-09 14:53:51,862 [INFO] org.springframework.orm.jpa.LocalContainerEntityManagerFactoryBean [Thread-8] Closing JPA EntityManagerFactory for persistence unit 'default'
2025-03-09 14:53:51,866 [INFO] com.zaxxer.hikari.HikariDataSource [Thread-8] HikariPool-2 - Shutdown initiated...
2025-03-09 14:53:51,907 [INFO] com.zaxxer.hikari.HikariDataSource [Thread-8] HikariPool-2 - Shutdown completed.
2025-03-09 14:53:52,013 [INFO] com.adminnick.SpringBootProject.SpringBootProjectApplication [restartedMain] Starting SpringBootProjectApplication using Java 17.0.13 with PID 1152 (C:\Users\Rawap\Desktop\SpringBootProject\SpringBootProject\target\classes started by Rawap in C:\Users\Rawap\Desktop\SpringBootProject)
2025-03-09 14:53:52,014 [INFO] com.adminnick.SpringBootProject.SpringBootProjectApplication [restartedMain] No active profile set, falling back to 1 default profile: "default"
2025-03-09 14:53:52,306 [INFO] org.springframework.data.repository.config.RepositoryConfigurationDelegate [restartedMain] Bootstrapping Spring Data JPA repositories in DEFAULT mode.
2025-03-09 14:53:52,332 [INFO] org.springframework.data.repository.config.RepositoryConfigurationDelegate [restartedMain] Finished Spring Data repository scanning in 24 ms. Found 3 JPA repository interfaces.
2025-03-09 14:53:52,537 [INFO] org.springframework.boot.web.embedded.tomcat.TomcatWebServer [restartedMain] Tomcat initialized with port 8080 (http)
2025-03-09 14:53:52,538 [INFO] org.apache.catalina.core.StandardService [restartedMain] Starting service [Tomcat]
2025-03-09 14:53:52,538 [INFO] org.apache.catalina.core.StandardEngine [restartedMain] Starting Servlet engine: [Apache Tomcat/10.1.36]
2025-03-09 14:53:52,564 [INFO] org.apache.catalina.core.ContainerBase.[Tomcat].[localhost].[/] [restartedMain] Initializing Spring embedded WebApplicationContext
2025-03-09 14:53:52,564 [INFO] org.springframework.boot.web.servlet.context.ServletWebServerApplicationContext [restartedMain] Root WebApplicationContext: initialization completed in 547 ms
2025-03-09 14:53:52,627 [INFO] org.hibernate.jpa.internal.util.LogHelper [restartedMain] HHH000204: Processing PersistenceUnitInfo [name: default]
2025-03-09 14:53:52,630 [INFO] org.hibernate.cache.internal.RegionFactoryInitiator [restartedMain] HHH000026: Second-level cache disabled
2025-03-09 14:53:52,646 [INFO] org.springframework.orm.jpa.persistenceunit.SpringPersistenceUnitInfo [restartedMain] No LoadTimeWeaver setup: ignoring JPA class transformer
2025-03-09 14:53:52,648 [INFO] com.zaxxer.hikari.HikariDataSource [restartedMain] HikariPool-3 - Starting...
2025-03-09 14:53:52,663 [INFO] com.zaxxer.hikari.pool.HikariPool [restartedMain] HikariPool-3 - Added connection conn50: url=jdbc:h2:file:./db/blogdb user=ADMIN
2025-03-09 14:53:52,664 [INFO] com.zaxxer.hikari.HikariDataSource [restartedMain] HikariPool-3 - Start completed.
2025-03-09 14:53:52,665 [WARN] org.hibernate.orm.deprecation [restartedMain] HHH90000025: H2Dialect does not need to be specified explicitly using 'hibernate.dialect' (remove the property setting and it will be selected by default)
2025-03-09 14:53:52,666 [INFO] org.hibernate.orm.connections.pooling [restartedMain] HHH10001005: Database info:
	Database JDBC URL [Connecting through datasource 'HikariDataSource (HikariPool-3)']
	Database driver: undefined/unknown
	Database version: 2.3.232
	Autocommit mode: undefined/unknown
	Isolation level: undefined/unknown
	Minimum pool size: undefined/unknown
	Maximum pool size: undefined/unknown
2025-03-09 14:53:52,796 [INFO] org.hibernate.engine.transaction.jta.platform.internal.JtaPlatformInitiator [restartedMain] HHH000489: No JTA platform available (set 'hibernate.transaction.jta.platform' to enable JTA platform integration)
2025-03-09 14:53:52,807 [INFO] org.springframework.orm.jpa.LocalContainerEntityManagerFactoryBean [restartedMain] Initialized JPA EntityManagerFactory for persistence unit 'default'
2025-03-09 14:53:52,962 [WARN] org.springframework.boot.autoconfigure.orm.jpa.JpaBaseConfiguration$JpaWebConfiguration [restartedMain] spring.jpa.open-in-view is enabled by default. Therefore, database queries may be performed during view rendering. Explicitly configure spring.jpa.open-in-view to disable this warning
2025-03-09 14:53:52,975 [INFO] org.springframework.security.config.annotation.authentication.configuration.InitializeUserDetailsBeanManagerConfigurer$InitializeUserDetailsManagerConfigurer [restartedMain] Global AuthenticationManager configured with UserDetailsService bean with name accountService
2025-03-09 14:53:53,300 [INFO] org.springframework.boot.autoconfigure.h2.H2ConsoleAutoConfiguration [restartedMain] H2 console available at '/db-console'. Database available at 'jdbc:h2:file:./db/blogdb'
2025-03-09 14:53:53,334 [INFO] org.springframework.boot.devtools.autoconfigure.OptionalLiveReloadServer [restartedMain] LiveReload server is running on port 35729
2025-03-09 14:53:53,349 [INFO] org.springframework.boot.web.embedded.tomcat.TomcatWebServer [restartedMain] Tomcat started on port 8080 (http) with context path '/'
2025-03-09 14:53:53,354 [INFO] com.adminnick.SpringBootProject.SpringBootProjectApplication [restartedMain] Started SpringBootProjectApplication in 1.381 seconds (process running for 6553.54)
2025-03-09 14:53:53,725 [INFO] org.springframework.boot.devtools.autoconfigure.ConditionEvaluationDeltaLoggingListener [restartedMain] Condition evaluation unchanged
2025-03-09 14:53:58,190 [INFO] org.apache.catalina.core.ContainerBase.[Tomcat].[localhost].[/] [http-nio-8080-exec-1] Initializing Spring DispatcherServlet 'dispatcherServlet'
2025-03-09 14:53:58,191 [INFO] org.springframework.web.servlet.DispatcherServlet [http-nio-8080-exec-1] Initializing Servlet 'dispatcherServlet'
2025-03-09 14:53:58,195 [INFO] org.springframework.web.servlet.DispatcherServlet [http-nio-8080-exec-1] Completed initialization in 2 ms
2025-03-09 14:54:41,764 [INFO] org.springframework.boot.devtools.autoconfigure.LocalDevToolsAutoConfiguration$RestartingClassPathChangeChangedEventListener [File Watcher] Restarting due to 1 class path change (0 additions, 0 deletions, 1 modification)
2025-03-09 14:54:41,766 [INFO] org.springframework.boot.web.embedded.tomcat.GracefulShutdown [Thread-12] Commencing graceful shutdown. Waiting for active requests to complete
2025-03-09 14:54:41,824 [INFO] org.springframework.boot.web.embedded.tomcat.GracefulShutdown [tomcat-shutdown] Graceful shutdown complete
2025-03-09 14:54:41,828 [INFO] org.springframework.orm.jpa.LocalContainerEntityManagerFactoryBean [Thread-12] Closing JPA EntityManagerFactory for persistence unit 'default'
2025-03-09 14:54:41,831 [INFO] com.zaxxer.hikari.HikariDataSource [Thread-12] HikariPool-3 - Shutdown initiated...
2025-03-09 14:54:41,872 [INFO] com.zaxxer.hikari.HikariDataSource [Thread-12] HikariPool-3 - Shutdown completed.
2025-03-09 14:54:41,975 [INFO] com.adminnick.SpringBootProject.SpringBootProjectApplication [restartedMain] Starting SpringBootProjectApplication using Java 17.0.13 with PID 1152 (C:\Users\Rawap\Desktop\SpringBootProject\SpringBootProject\target\classes started by Rawap in C:\Users\Rawap\Desktop\SpringBootProject)
2025-03-09 14:54:41,976 [INFO] com.adminnick.SpringBootProject.SpringBootProjectApplication [restartedMain] No active profile set, falling back to 1 default profile: "default"
2025-03-09 14:54:42,227 [INFO] org.springframework.data.repository.config.RepositoryConfigurationDelegate [restartedMain] Bootstrapping Spring Data JPA repositories in DEFAULT mode.
2025-03-09 14:54:42,256 [INFO] org.springframework.data.repository.config.RepositoryConfigurationDelegate [restartedMain] Finished Spring Data repository scanning in 27 ms. Found 3 JPA repository interfaces.
2025-03-09 14:54:42,452 [INFO] org.springframework.boot.web.embedded.tomcat.TomcatWebServer [restartedMain] Tomcat initialized with port 8080 (http)
2025-03-09 14:54:42,453 [INFO] org.apache.catalina.core.StandardService [restartedMain] Starting service [Tomcat]
2025-03-09 14:54:42,454 [INFO] org.apache.catalina.core.StandardEngine [restartedMain] Starting Servlet engine: [Apache Tomcat/10.1.36]
2025-03-09 14:54:42,477 [INFO] org.apache.catalina.core.ContainerBase.[Tomcat].[localhost].[/] [restartedMain] Initializing Spring embedded WebApplicationContext
2025-03-09 14:54:42,477 [INFO] org.springframework.boot.web.servlet.context.ServletWebServerApplicationContext [restartedMain] Root WebApplicationContext: initialization completed in 499 ms
2025-03-09 14:54:42,518 [INFO] org.hibernate.jpa.internal.util.LogHelper [restartedMain] HHH000204: Processing PersistenceUnitInfo [name: default]
2025-03-09 14:54:42,522 [INFO] org.hibernate.cache.internal.RegionFactoryInitiator [restartedMain] HHH000026: Second-level cache disabled
2025-03-09 14:54:42,533 [INFO] org.springframework.orm.jpa.persistenceunit.SpringPersistenceUnitInfo [restartedMain] No LoadTimeWeaver setup: ignoring JPA class transformer
2025-03-09 14:54:42,535 [INFO] com.zaxxer.hikari.HikariDataSource [restartedMain] HikariPool-4 - Starting...
2025-03-09 14:54:42,545 [INFO] com.zaxxer.hikari.pool.HikariPool [restartedMain] HikariPool-4 - Added connection conn60: url=jdbc:h2:file:./db/blogdb user=ADMIN
2025-03-09 14:54:42,546 [INFO] com.zaxxer.hikari.HikariDataSource [restartedMain] HikariPool-4 - Start completed.
2025-03-09 14:54:42,547 [WARN] org.hibernate.orm.deprecation [restartedMain] HHH90000025: H2Dialect does not need to be specified explicitly using 'hibernate.dialect' (remove the property setting and it will be selected by default)
2025-03-09 14:54:42,548 [INFO] org.hibernate.orm.connections.pooling [restartedMain] HHH10001005: Database info:
	Database JDBC URL [Connecting through datasource 'HikariDataSource (HikariPool-4)']
	Database driver: undefined/unknown
	Database version: 2.3.232
	Autocommit mode: undefined/unknown
	Isolation level: undefined/unknown
	Minimum pool size: undefined/unknown
	Maximum pool size: undefined/unknown
2025-03-09 14:54:42,626 [INFO] org.hibernate.engine.transaction.jta.platform.internal.JtaPlatformInitiator [restartedMain] HHH000489: No JTA platform available (set 'hibernate.transaction.jta.platform' to enable JTA platform integration)
2025-03-09 14:54:42,632 [INFO] org.springframework.orm.jpa.LocalContainerEntityManagerFactoryBean [restartedMain] Initialized JPA EntityManagerFactory for persistence unit 'default'
2025-03-09 14:54:42,755 [WARN] org.springframework.boot.autoconfigure.orm.jpa.JpaBaseConfiguration$JpaWebConfiguration [restartedMain] spring.jpa.open-in-view is enabled by default. Therefore, database queries may be performed during view rendering. Explicitly configure spring.jpa.open-in-view to disable this warning
2025-03-09 14:54:42,767 [INFO] org.springframework.security.config.annotation.authentication.configuration.InitializeUserDetailsBeanManagerConfigurer$InitializeUserDetailsManagerConfigurer [restartedMain] Global AuthenticationManager configured with UserDetailsService bean with name accountService
2025-03-09 14:54:42,957 [INFO] org.springframework.boot.autoconfigure.h2.H2ConsoleAutoConfiguration [restartedMain] H2 console available at '/db-console'. Database available at 'jdbc:h2:file:./db/blogdb'
2025-03-09 14:54:42,972 [INFO] org.springframework.boot.devtools.autoconfigure.OptionalLiveReloadServer [restartedMain] LiveReload server is running on port 35729
2025-03-09 14:54:42,985 [INFO] org.springframework.boot.web.embedded.tomcat.TomcatWebServer [restartedMain] Tomcat started on port 8080 (http) with context path '/'
2025-03-09 14:54:42,991 [INFO] com.adminnick.SpringBootProject.SpringBootProjectApplication [restartedMain] Started SpringBootProjectApplication in 1.047 seconds (process running for 6603.177)
2025-03-09 14:54:43,484 [INFO] org.springframework.boot.devtools.autoconfigure.ConditionEvaluationDeltaLoggingListener [restartedMain] Condition evaluation unchanged
2025-03-09 14:54:46,290 [INFO] org.apache.catalina.core.ContainerBase.[Tomcat].[localhost].[/] [http-nio-8080-exec-1] Initializing Spring DispatcherServlet 'dispatcherServlet'
2025-03-09 14:54:46,292 [INFO] org.springframework.web.servlet.DispatcherServlet [http-nio-8080-exec-1] Initializing Servlet 'dispatcherServlet'
2025-03-09 14:54:46,295 [INFO] org.springframework.web.servlet.DispatcherServlet [http-nio-8080-exec-1] Completed initialization in 3 ms
2025-03-09 14:58:21,483 [WARN] org.springframework.web.servlet.mvc.support.DefaultHandlerExceptionResolver [http-nio-8080-exec-2] Resolved [org.springframework.web.method.annotation.MethodArgumentTypeMismatchException: Method parameter 'id': Failed to convert value of type 'java.lang.String' to required type 'java.lang.Long'; For input string: "script.js"]
2025-03-09 15:09:19,625 [INFO] com.adminnick.SpringBootProject.SpringBootProjectApplication [restartedMain] Starting SpringBootProjectApplication using Java 17.0.13 with PID 24532 (C:\Users\Rawap\Desktop\SpringBootProject\SpringBootProject\target\classes started by Rawap in C:\Users\Rawap\Desktop\SpringBootProject)
2025-03-09 15:09:19,628 [INFO] com.adminnick.SpringBootProject.SpringBootProjectApplication [restartedMain] No active profile set, falling back to 1 default profile: "default"
2025-03-09 15:09:20,047 [INFO] org.springframework.boot.devtools.env.DevToolsPropertyDefaultsPostProcessor [restartedMain] Devtools property defaults active! Set 'spring.devtools.add-properties' to 'false' to disable
2025-03-09 15:09:20,047 [INFO] org.springframework.boot.devtools.env.DevToolsPropertyDefaultsPostProcessor [restartedMain] For additional web related logging consider setting the 'logging.level.web' property to 'DEBUG'
2025-03-09 15:09:21,339 [INFO] org.springframework.data.repository.config.RepositoryConfigurationDelegate [restartedMain] Bootstrapping Spring Data JPA repositories in DEFAULT mode.
2025-03-09 15:09:21,444 [INFO] org.springframework.data.repository.config.RepositoryConfigurationDelegate [restartedMain] Finished Spring Data repository scanning in 90 ms. Found 3 JPA repository interfaces.
2025-03-09 15:09:22,604 [INFO] org.springframework.boot.web.embedded.tomcat.TomcatWebServer [restartedMain] Tomcat initialized with port 8080 (http)
2025-03-09 15:09:22,634 [INFO] org.apache.catalina.core.StandardService [restartedMain] Starting service [Tomcat]
2025-03-09 15:09:22,635 [INFO] org.apache.catalina.core.StandardEngine [restartedMain] Starting Servlet engine: [Apache Tomcat/10.1.36]
2025-03-09 15:09:22,710 [INFO] org.apache.catalina.core.ContainerBase.[Tomcat].[localhost].[/] [restartedMain] Initializing Spring embedded WebApplicationContext
2025-03-09 15:09:22,711 [INFO] org.springframework.boot.web.servlet.context.ServletWebServerApplicationContext [restartedMain] Root WebApplicationContext: initialization completed in 2663 ms
2025-03-09 15:09:22,989 [INFO] org.hibernate.jpa.internal.util.LogHelper [restartedMain] HHH000204: Processing PersistenceUnitInfo [name: default]
2025-03-09 15:09:23,097 [INFO] org.hibernate.Version [restartedMain] HHH000412: Hibernate ORM core version 6.6.8.Final
2025-03-09 15:09:23,164 [INFO] org.hibernate.cache.internal.RegionFactoryInitiator [restartedMain] HHH000026: Second-level cache disabled
2025-03-09 15:09:23,664 [INFO] org.springframework.orm.jpa.persistenceunit.SpringPersistenceUnitInfo [restartedMain] No LoadTimeWeaver setup: ignoring JPA class transformer
2025-03-09 15:09:23,718 [INFO] com.zaxxer.hikari.HikariDataSource [restartedMain] HikariPool-1 - Starting...
2025-03-09 15:09:24,036 [INFO] com.zaxxer.hikari.pool.HikariPool [restartedMain] HikariPool-1 - Added connection conn0: url=jdbc:h2:file:./db/blogdb user=ADMIN
2025-03-09 15:09:24,039 [INFO] com.zaxxer.hikari.HikariDataSource [restartedMain] HikariPool-1 - Start completed.
2025-03-09 15:09:24,074 [WARN] org.hibernate.orm.deprecation [restartedMain] HHH90000025: H2Dialect does not need to be specified explicitly using 'hibernate.dialect' (remove the property setting and it will be selected by default)
2025-03-09 15:09:24,109 [INFO] org.hibernate.orm.connections.pooling [restartedMain] HHH10001005: Database info:
	Database JDBC URL [Connecting through datasource 'HikariDataSource (HikariPool-1)']
	Database driver: undefined/unknown
	Database version: 2.3.232
	Autocommit mode: undefined/unknown
	Isolation level: undefined/unknown
	Minimum pool size: undefined/unknown
	Maximum pool size: undefined/unknown
2025-03-09 15:09:25,392 [INFO] org.hibernate.engine.transaction.jta.platform.internal.JtaPlatformInitiator [restartedMain] HHH000489: No JTA platform available (set 'hibernate.transaction.jta.platform' to enable JTA platform integration)
2025-03-09 15:09:25,443 [INFO] org.springframework.orm.jpa.LocalContainerEntityManagerFactoryBean [restartedMain] Initialized JPA EntityManagerFactory for persistence unit 'default'
2025-03-09 15:09:26,071 [WARN] org.springframework.boot.autoconfigure.orm.jpa.JpaBaseConfiguration$JpaWebConfiguration [restartedMain] spring.jpa.open-in-view is enabled by default. Therefore, database queries may be performed during view rendering. Explicitly configure spring.jpa.open-in-view to disable this warning
2025-03-09 15:09:26,114 [INFO] org.springframework.security.config.annotation.authentication.configuration.InitializeUserDetailsBeanManagerConfigurer$InitializeUserDetailsManagerConfigurer [restartedMain] Global AuthenticationManager configured with UserDetailsService bean with name accountService
2025-03-09 15:09:27,013 [INFO] org.springframework.boot.autoconfigure.h2.H2ConsoleAutoConfiguration [restartedMain] H2 console available at '/db-console'. Database available at 'jdbc:h2:file:./db/blogdb'
2025-03-09 15:09:27,124 [INFO] org.springframework.boot.devtools.autoconfigure.OptionalLiveReloadServer [restartedMain] LiveReload server is running on port 35729
2025-03-09 15:09:27,170 [INFO] org.springframework.boot.web.embedded.tomcat.TomcatWebServer [restartedMain] Tomcat started on port 8080 (http) with context path '/'
2025-03-09 15:09:27,185 [INFO] com.adminnick.SpringBootProject.SpringBootProjectApplication [restartedMain] Started SpringBootProjectApplication in 8.333 seconds (process running for 8.936)
2025-03-09 15:09:38,843 [INFO] org.apache.catalina.core.ContainerBase.[Tomcat].[localhost].[/] [http-nio-8080-exec-1] Initializing Spring DispatcherServlet 'dispatcherServlet'
2025-03-09 15:09:38,844 [INFO] org.springframework.web.servlet.DispatcherServlet [http-nio-8080-exec-1] Initializing Servlet 'dispatcherServlet'
2025-03-09 15:09:38,848 [INFO] org.springframework.web.servlet.DispatcherServlet [http-nio-8080-exec-1] Completed initialization in 3 ms
2025-03-09 15:10:01,327 [INFO] org.springframework.boot.web.embedded.tomcat.GracefulShutdown [SpringApplicationShutdownHook] Commencing graceful shutdown. Waiting for active requests to complete
2025-03-09 15:10:01,437 [INFO] org.springframework.boot.web.embedded.tomcat.GracefulShutdown [tomcat-shutdown] Graceful shutdown complete
2025-03-09 15:10:01,445 [INFO] org.springframework.orm.jpa.LocalContainerEntityManagerFactoryBean [SpringApplicationShutdownHook] Closing JPA EntityManagerFactory for persistence unit 'default'
2025-03-09 15:10:01,492 [INFO] com.zaxxer.hikari.HikariDataSource [SpringApplicationShutdownHook] HikariPool-1 - Shutdown initiated...
2025-03-09 15:10:01,546 [INFO] com.zaxxer.hikari.HikariDataSource [SpringApplicationShutdownHook] HikariPool-1 - Shutdown completed.
